<?xml version="1.0" encoding="UTF-8"?>
<!-- Generated by org.testng.reporters.JUnitReportReporter -->
<testsuite hostname="Satish" failures="0" tests="1" name="tasks.Task5_EndToEndOrder" time="14.540" errors="0" timestamp="2025-10-29T20:38:13 IST" skipped="0">
  <testcase classname="tasks.Task5_EndToEndOrder" name="testSearchAndPickProduct" time="14.540"/>
</testsuite> <!-- tasks.Task5_EndToEndOrder -->
