<?xml version="1.0" encoding="UTF-8"?>
<!-- Generated by org.testng.reporters.JUnitReportReporter -->
<testsuite hostname="Satish" failures="0" tests="1" name="tasks.Task4_PriceMonitor" time="10.878" errors="0" timestamp="2025-10-29T20:27:30 IST" skipped="0">
  <testcase classname="tasks.Task4_PriceMonitor" name="monitorProductPrice" time="10.878"/>
</testsuite> <!-- tasks.Task4_PriceMonitor -->
