<?xml version="1.0" encoding="UTF-8"?>
<!-- Generated by org.testng.reporters.JUnitReportReporter -->
<testsuite hostname="Satish" failures="0" tests="1" name="tasks.Task2_AddToCart" time="31.942" errors="0" timestamp="2025-10-29T17:22:43 IST" skipped="0">
  <testcase classname="tasks.Task2_AddToCart" name="addMultipleItemsAndVerifyCartTotal" time="31.942"/>
</testsuite> <!-- tasks.Task2_AddToCart -->
