<?xml version="1.0" encoding="UTF-8"?>
<!-- Generated by org.testng.reporters.JUnitReportReporter -->
<testsuite hostname="Satish" failures="0" tests="1" name="tasks.Task1_SelectProduct" time="14.649" errors="0" timestamp="2025-10-29T16:54:10 IST" skipped="0">
  <testcase classname="tasks.Task1_SelectProduct" name="selectValidProduct" time="14.649"/>
</testsuite> <!-- tasks.Task1_SelectProduct -->
