<?xml version="1.0" encoding="UTF-8"?>
<!-- Generated by org.testng.reporters.JUnitReportReporter -->
<testsuite hostname="Satish" failures="0" tests="1" name="tasks.Task6_SearchFilters" time="53.163" errors="0" timestamp="2025-10-29T20:42:21 IST" skipped="0">
  <testcase classname="tasks.Task6_SearchFilters" name="searchWithFilters" time="53.163"/>
</testsuite> <!-- tasks.Task6_SearchFilters -->
